<?xml version="1.0" encoding="UTF-8"?>
<!-- Generated by org.testng.reporters.JUnitReportReporter -->
<testsuite hostname="NAREN" failures="0" tests="1" name="test.FirstSeleniumTest" time="8.868" errors="0" timestamp="6 Feb 2022 11:01:49 GMT">
  <testcase classname="test.FirstSeleniumTest" name="openSeleniumWebsite" time="8.868"/>
</testsuite> <!-- test.FirstSeleniumTest -->
