<?xml version="1.0" encoding="UTF-8"?>
<!-- Generated by org.testng.reporters.JUnitReportReporter -->
<testsuite hostname="NAREN" failures="0" tests="4" name="test.JavaStreamsTest" time="0.061" errors="0" timestamp="2021-11-17T18:12:41 IST" skipped="0">
  <testcase classname="test.JavaStreamsTest" name="streamFilterCountTheNumberOfAlphabets" time="0.008"/>
  <system-out/>
  <testcase classname="test.JavaStreamsTest" name="countTheNunmerOfAlphabets" time="0.026"/>
  <system-out/>
  <testcase classname="test.JavaStreamsTest" name="streamMap" time="0.016"/>
  <system-out/>
  <testcase classname="test.JavaStreamsTest" name="streamCollect" time="0.011"/>
  <system-out/>
</testsuite> <!-- test.JavaStreamsTest -->
