<?xml version="1.0" encoding="UTF-8"?>
<!-- Generated by org.testng.reporters.JUnitReportReporter -->
<testsuite hostname="NAREN" failures="0" tests="1" name="test.CountTheNumberOfAlphabetsStartingWithA" time="0.024" errors="0" timestamp="2021-11-16T18:08:38 IST" skipped="0">
  <testcase classname="test.CountTheNumberOfAlphabetsStartingWithA" name="countTheNunmerOfAlphabets" time="0.024"/>
  <system-out/>
</testsuite> <!-- test.CountTheNumberOfAlphabetsStartingWithA -->
