<?xml version="1.0" encoding="UTF-8"?>
<!-- Generated by org.testng.reporters.JUnitReportReporter -->
<testsuite hostname="NAREN" failures="0" tests="1" name="com.herokuapp.theinternet.PositiveTests" time="22.663" errors="0" timestamp="2021-11-06T13:41:08 IST" skipped="0">
  <testcase classname="com.herokuapp.theinternet.PositiveTests" name="loginTest" time="22.663"/>
  <system-out/>
</testsuite> <!-- com.herokuapp.theinternet.PositiveTests -->
