<?xml version="1.0" encoding="UTF-8"?>
<!-- Generated by org.testng.reporters.JUnitReportReporter -->
<testsuite hostname="NAREN" failures="0" tests="2" name="com.herokuapp.theinternet.NegativeTests" time="42.052" errors="0" timestamp="2021-11-06T20:39:00 IST" skipped="0">
  <testcase classname="com.herokuapp.theinternet.NegativeTests" name="negativeLoginTests" time="15.032"/>
  <system-out/>
  <testcase classname="com.herokuapp.theinternet.NegativeTests" name="negativeLoginTests" time="27.020"/>
  <system-out/>
</testsuite> <!-- com.herokuapp.theinternet.NegativeTests -->
