<?xml version="1.0" encoding="UTF-8"?>
<!-- Generated by org.testng.reporters.JUnitReportReporter -->
<testsuite hostname="NAREN" failures="0" tests="3" name="com.herokuapp.theinternet.LoginTests" time="71.449" errors="0" timestamp="2021-11-18T10:47:42 IST" skipped="0">
  <testcase classname="com.herokuapp.theinternet.LoginTests" name="positiveLoginTest" time="29.104"/>
  <system-out/>
  <testcase classname="com.herokuapp.theinternet.LoginTests" name="negativeLoginTest" time="15.314"/>
  <system-out/>
  <testcase classname="com.herokuapp.theinternet.LoginTests" name="negativeLoginTest" time="27.031"/>
  <system-out/>
</testsuite> <!-- com.herokuapp.theinternet.LoginTests -->
