<?xml version="1.0" encoding="UTF-8"?>
<!-- Generated by org.testng.reporters.JUnitReportReporter -->
<testsuite hostname="NAREN" failures="0" tests="2" name="Tests.Login" time="23.335" errors="0" timestamp="2022-01-08T16:42:48 IST" skipped="0">
  <testcase classname="Tests.Login" name="doLogIn" time="11.591"/>
  <system-out>
    <![CDATA[Invalid Password [Popup Detected]]]>
  </system-out>
  <testcase classname="Tests.Login" name="doLogIn" time="11.744"/>
  <system-out>
    <![CDATA[Login Successful]]>
  </system-out>
</testsuite> <!-- Tests.Login -->
