<?xml version="1.0" encoding="UTF-8"?>
<!-- Generated by org.testng.reporters.JUnitReportReporter -->
<testsuite hostname="NAREN" failures="0" tests="7" name="Tests.PersonalInformation" time="21.657" errors="0" timestamp="2022-01-08T16:42:48 IST" skipped="1">
  <testcase classname="Tests.PersonalInformation" name="doLogIn" time="9.122"/>
  <system-out/>
  <testcase classname="Tests.PersonalInformation" name="doLogIn" time="1.998"/>
  <system-out/>
  <testcase classname="Tests.PersonalInformation" name="getBasicPage" time="5.430"/>
  <system-out/>
  <testcase classname="Tests.PersonalInformation" name="getAdmissionsServicesMastersProductsPage" time="2.370"/>
  <system-out>
    <![CDATA[Onboarding gets clicked]]>
  </system-out>
  <testcase classname="Tests.PersonalInformation" name="clickonBoardAcademicInfoPage" time="0.286"/>
  <system-out>
    <![CDATA[Personal Information gets clicked]]>
  </system-out>
  <testcase classname="Tests.PersonalInformation" name="validateNegativeOnboardingPersonalInfo" time="2.451"/>
  <system-out>
    <![CDATA[Please fill the required field [Popup Detected]]]>
  </system-out>
  <testcase classname="Tests.PersonalInformation" name="validateOnboardingPersonalInfo">
    <skipped/>
  </testcase> <!-- validateOnboardingPersonalInfo -->
  <system-out/>
</testsuite> <!-- Tests.PersonalInformation -->
